2025-05-12 16:40:08,284 - INFO - MainThread - logger_config - setup_logging - Logging configured via logger_config.py.
2025-05-12 16:40:09,665 - DEBUG - MainThread - VideoPlacerv2 - <module> - Attempting to import dependencies: cv2, PIL, skimage, numpy, tkinterdnd2
2025-05-12 16:40:09,666 - DEBUG - MainThread - VideoPlacerv2 - <module> - Core dependencies (cv2, PIL, skimage, numpy) imported successfully.
2025-05-12 16:40:09,666 - DEBUG - MainThread - VideoPlacerv2 - <module> - TkinterDnD2 imported successfully for drag-and-drop.
2025-05-12 16:40:09,667 - DEBUG - MainThread - VideoPlacerv2 - <module> - Entering __main__ block.
2025-05-12 16:40:09,667 - DEBUG - MainThread - VideoPlacerv2 - <module> - Dependencies confirmed available in __main__ namespace.
2025-05-12 16:40:09,761 - INFO - MainThread - VideoPlacerv2 - <module> - Root window created with TkinterDnD for drag-and-drop support.
2025-05-12 16:40:09,761 - INFO - MainThread - VideoPlacerv2 - __init__ - Initializing VideoPlacerApp GUI.
2025-05-12 16:40:09,782 - DEBUG - MainThread - VideoPlacerv2 - __init__ - Window size set to 650x750, centered at (1395,345) on screen 3440x1440.
2025-05-12 16:40:09,782 - DEBUG - MainThread - VideoPlacerv2 - __init__ - State variable 'initial_setup_done' initialized to False.
2025-05-12 16:40:09,782 - DEBUG - MainThread - VideoPlacerv2 - __init__ - Tkinter variables and state variables initialized.
2025-05-12 16:40:09,782 - DEBUG - MainThread - VideoPlacerv2 - __init__ - Configured ttk styles.
2025-05-12 16:40:09,782 - DEBUG - MainThread - VideoPlacerv2 - __init__ - Main frame created and packed.
2025-05-12 16:40:09,782 - DEBUG - MainThread - VideoPlacerv2 - __init__ - Defined grid row assignments: basedir=0, id=1, treeview=2, fileselect=3, verification=4, analysis_info=5, process_btn=6, status=7
2025-05-12 16:40:09,785 - DEBUG - MainThread - VideoPlacerv2 - __init__ - Base directory widgets placed.
2025-05-12 16:40:09,785 - DEBUG - MainThread - VideoPlacerv2 - __init__ - Interpreter ID widgets placed.
2025-05-12 16:40:09,786 - DEBUG - MainThread - VideoPlacerv2 - __init__ - Category/Word TreeView placed.
2025-05-12 16:40:09,786 - DEBUG - MainThread - VideoPlacerv2 - __init__ - File selection widgets placed.
2025-05-12 16:40:09,787 - DEBUG - MainThread - VideoPlacerv2 - __init__ - Verification area frame placed.
2025-05-12 16:40:09,791 - DEBUG - MainThread - VideoPlacerv2 - __init__ - Created 4 slots in verification frame (preview labels, score labels, checkboxes).
2025-05-12 16:40:09,791 - DEBUG - MainThread - VideoPlacerv2 - __init__ - Take assignment display label placed.
2025-05-12 16:40:09,792 - DEBUG - MainThread - VideoPlacerv2 - __init__ - Process button placed.
2025-05-12 16:40:09,792 - DEBUG - MainThread - VideoPlacerv2 - __init__ - Status label placed.
2025-05-12 16:40:09,792 - DEBUG - MainThread - VideoPlacerv2 - __init__ - Main frame grid configured for expansion.
2025-05-12 16:40:09,792 - DEBUG - MainThread - VideoPlacerv2 - __init__ - Started check_analysis_queue loop via master.after.
2025-05-12 16:40:09,792 - DEBUG - MainThread - VideoPlacerv2 - __init__ - Bound on_closing method to window close event.
2025-05-12 16:40:09,796 - INFO - MainThread - VideoPlacerv2 - __init__ - Drag and drop enabled for the verification frame.
2025-05-12 16:40:09,796 - INFO - MainThread - VideoPlacerv2 - __init__ - VideoPlacerApp GUI initialization complete.
2025-05-12 16:40:09,796 - INFO - MainThread - VideoPlacerv2 - <module> - Starting Tkinter main loop.
2025-05-12 16:40:11,557 - INFO - MainThread - VideoPlacerv2 - on_closing - Application closing requested. Stopping animations and destroying window.
2025-05-12 16:40:11,558 - DEBUG - MainThread - VideoPlacerv2 - on_closing - All known animation 'after' jobs cancelled.
2025-05-12 16:40:11,572 - INFO - MainThread - VideoPlacerv2 - on_closing - Window destroyed. Application exiting.
2025-05-12 16:40:11,573 - INFO - MainThread - VideoPlacerv2 - <module> - Tkinter main loop finished.
